<?xml version="1.0" encoding="UTF-8"?>
<testsuite xmlns:xsi="http://www.w3.org/2001/XMLSchema-instance" xsi:noNamespaceSchemaLocation="https://maven.apache.org/surefire/maven-surefire-plugin/xsd/surefire-test-report.xsd" version="3.0.2" name="br.edu.pucgoias.ads1253.clinica.service.ClinicaServiceTest" time="6.426" tests="7" errors="0" skipped="0" failures="0">
  <properties>
[...]
</properties>
  <testcase name="listagemRetornaApenasAnimaisDoTutor" classname="br.edu.pucgoias.ads1253.clinica.service.ClinicaServiceTest" time="0.878">
    <system-out><![CDATA[16:33:06.479 [main] INFO org.springframework.test.context.support.AnnotationConfigContextLoaderUtils -- Could not detect default configuration classes for test class [br.edu.pucgoias.ads1253.clinica.service.ClinicaServiceTest]: ClinicaServiceTest does not declare any static, non-private, non-final, nested classes annotated with @Configuration.
16:33:06.656 [main] INFO org.springframework.boot.test.context.SpringBootTestContextBootstrapper -- Found @SpringBootConfiguration br.edu.pucgoias.ads1253.clinica.ClinicaApplication for test class br.edu.pucgoias.ads1253.clinica.service.ClinicaServiceTest

  .   ____          _            __ _ _
 /\\ / ___'_ __ _ _(_)_ __  __ _ \ \ \ \
( ( )\___ | '_ | '_| | '_ \/ _` | \ \ \ \
 \\/  ___)| |_)| | | | | || (_| |  ) ) ) )
  '  |____| .__|_| |_|_| |_\__, | / / / /
 =========|_|==============|___/=/_/_/_/

 :: Spring Boot ::                (v3.5.5)

2026-09-15T16:33:07.430Z  INFO 16995 --- [           main] b.e.p.a.c.service.ClinicaServiceTest     : Starting ClinicaServiceTest using Java 25.0.4.1 with PID 16995 (started by codespace in /workspaces/Projeto-aula-8/Aula08_Projetos_Java/lab-clinica-starter)
2026-09-15T16:33:07.434Z  INFO 16995 --- [           main] b.e.p.a.c.service.ClinicaServiceTest     : No active profile set, falling back to 1 default profile: "default"
2026-09-15T16:33:08.068Z  INFO 16995 --- [           main] .s.d.r.c.RepositoryConfigurationDelegate : Bootstrapping Spring Data JPA repositories in DEFAULT mode.
2026-09-15T16:33:08.186Z  INFO 16995 --- [           main] .s.d.r.c.RepositoryConfigurationDelegate : Finished Spring Data repository scanning in 96 ms. Found 2 JPA repository interfaces.
2026-09-15T16:33:08.691Z  INFO 16995 --- [           main] o.hibernate.jpa.internal.util.LogHelper  : HHH000204: Processing PersistenceUnitInfo [name: default]
2026-09-15T16:33:08.780Z  INFO 16995 --- [           main] org.hibernate.Version                    : HHH000412: Hibernate ORM core version 6.6.26.Final
2026-09-15T16:33:08.849Z  INFO 16995 --- [           main] o.h.c.internal.RegionFactoryInitiator    : HHH000026: Second-level cache disabled
2026-09-15T16:33:09.327Z  INFO 16995 --- [           main] o.s.o.j.p.SpringPersistenceUnitInfo      : No LoadTimeWeaver setup: ignoring JPA class transformer
2026-09-15T16:33:09.362Z  INFO 16995 --- [           main] com.zaxxer.hikari.HikariDataSource       : HikariPool-1 - Starting...
2026-09-15T16:33:09.601Z  INFO 16995 --- [           main] com.zaxxer.hikari.pool.HikariPool        : HikariPool-1 - Added connection conn0: url=jdbc:h2:mem:clinica user=SA
2026-09-15T16:33:09.603Z  INFO 16995 --- [           main] com.zaxxer.hikari.HikariDataSource       : HikariPool-1 - Start completed.
2026-09-15T16:33:09.710Z  INFO 16995 --- [           main] org.hibernate.orm.connections.pooling    : HHH10001005: Database info:
	Database JDBC URL [Connecting through datasource 'HikariDataSource (HikariPool-1)']
	Database driver: undefined/unknown
	Database version: 2.3.232
	Autocommit mode: undefined/unknown
	Isolation level: undefined/unknown
	Minimum pool size: undefined/unknown
	Maximum pool size: undefined/unknown
2026-09-15T16:33:10.883Z  INFO 16995 --- [           main] o.h.e.t.j.p.i.JtaPlatformInitiator       : HHH000489: No JTA platform available (set 'hibernate.transaction.jta.platform' to enable JTA platform integration)
Hibernate: 
    create table animal (
        id bigint generated by default as identity,
        data_nascimento date,
        especie varchar(50) not null,
        nome varchar(100) not null,
        tutor_id bigint not null,
        primary key (id)
    )
Hibernate: 
    create table tutor (
        id bigint generated by default as identity,
        cpf varchar(11) not null,
        nome varchar(100) not null,
        telefone varchar(255),
        primary key (id)
    )
Hibernate: 
    alter table if exists tutor 
       drop constraint if exists UKqm8upojhvoub00axgiehacs82
Hibernate: 
    alter table if exists tutor 
       add constraint UKqm8upojhvoub00axgiehacs82 unique (cpf)
Hibernate: 
    alter table if exists animal 
       add constraint FKggg7qolnxfaqedimuul5k9912 
       foreign key (tutor_id) 
       references tutor
2026-09-15T16:33:10.949Z  INFO 16995 --- [           main] j.LocalContainerEntityManagerFactoryBean : Initialized JPA EntityManagerFactory for persistence unit 'default'
2026-09-15T16:33:11.650Z  INFO 16995 --- [           main] b.e.p.a.c.service.ClinicaServiceTest     : Started ClinicaServiceTest in 4.739 seconds (process running for 6.225)
Hibernate: 
    select
        t1_0.id 
    from
        tutor t1_0 
    where
        t1_0.cpf=? 
    fetch
        first ? rows only
Hibernate: 
    insert 
    into
        tutor
        (cpf, nome, telefone, id) 
    values
        (?, ?, ?, default)
Hibernate: 
    select
        t1_0.id 
    from
        tutor t1_0 
    where
        t1_0.cpf=? 
    fetch
        first ? rows only
Hibernate: 
    insert 
    into
        tutor
        (cpf, nome, telefone, id) 
    values
        (?, ?, ?, default)
Hibernate: 
    insert 
    into
        animal
        (data_nascimento, especie, nome, tutor_id, id) 
    values
        (?, ?, ?, ?, default)
Hibernate: 
    insert 
    into
        animal
        (data_nascimento, especie, nome, tutor_id, id) 
    values
        (?, ?, ?, ?, default)
Hibernate: 
    select
        a1_0.id,
        a1_0.data_nascimento,
        a1_0.especie,
        a1_0.nome,
        a1_0.tutor_id 
    from
        animal a1_0 
    join
        tutor t1_0 
            on t1_0.id=a1_0.tutor_id 
    where
        t1_0.id=?
]]></system-out>
    <system-err><![CDATA[Mockito is currently self-attaching to enable the inline-mock-maker. This will no longer work in future releases of the JDK. Please add Mockito as an agent to your build as described in Mockito's documentation: https://javadoc.io/doc/org.mockito/mockito-core/latest/org.mockito/org/mockito/Mockito.html#0.3
WARNING: A Java agent has been loaded dynamically (/home/codespace/.m2/repository/net/bytebuddy/byte-buddy-agent/1.17.7/byte-buddy-agent-1.17.7.jar)
WARNING: If a serviceability tool is in use, please run with -XX:+EnableDynamicAgentLoading to hide this warning
WARNING: If a serviceability tool is not in use, please run with -Djdk.instrument.traceUsage for more information
WARNING: Dynamic loading of agents will be disallowed by default in a future release
]]></system-err>
  </testcase>
  <testcase name="cadastroComCpfDuplicadoLancaExcecao" classname="br.edu.pucgoias.ads1253.clinica.service.ClinicaServiceTest" time="0.039">
    <system-out><![CDATA[Hibernate: 
    select
        t1_0.id 
    from
        tutor t1_0 
    where
        t1_0.cpf=? 
    fetch
        first ? rows only
Hibernate: 
    insert 
    into
        tutor
        (cpf, nome, telefone, id) 
    values
        (?, ?, ?, default)
Hibernate: 
    select
        t1_0.id 
    from
        tutor t1_0 
    where
        t1_0.cpf=? 
    fetch
        first ? rows only
]]></system-out>
  </testcase>
  <testcase name="remocaoDeTutorComAnimaisLancaExcecao" classname="br.edu.pucgoias.ads1253.clinica.service.ClinicaServiceTest" time="0.014">
    <system-out><![CDATA[Hibernate: 
    select
        t1_0.id 
    from
        tutor t1_0 
    where
        t1_0.cpf=? 
    fetch
        first ? rows only
Hibernate: 
    insert 
    into
        tutor
        (cpf, nome, telefone, id) 
    values
        (?, ?, ?, default)
Hibernate: 
    insert 
    into
        animal
        (data_nascimento, especie, nome, tutor_id, id) 
    values
        (?, ?, ?, ?, default)
]]></system-out>
  </testcase>
  <testcase name="buscaPorIdentificadorInexistenteLancaExcecao" classname="br.edu.pucgoias.ads1253.clinica.service.ClinicaServiceTest" time="0.025">
    <system-out><![CDATA[Hibernate: 
    select
        t1_0.id,
        t1_0.cpf,
        t1_0.nome,
        t1_0.telefone 
    from
        tutor t1_0 
    where
        t1_0.id=?
]]></system-out>
  </testcase>
  <testcase name="cadastroDeTutorAtribuiIdentificador" classname="br.edu.pucgoias.ads1253.clinica.service.ClinicaServiceTest" time="0.015">
    <system-out><![CDATA[Hibernate: 
    select
        t1_0.id 
    from
        tutor t1_0 
    where
        t1_0.cpf=? 
    fetch
        first ? rows only
Hibernate: 
    insert 
    into
        tutor
        (cpf, nome, telefone, id) 
    values
        (?, ?, ?, default)
]]></system-out>
  </testcase>
  <testcase name="atualizacaoDeTutorPersisteAlteracoes" classname="br.edu.pucgoias.ads1253.clinica.service.ClinicaServiceTest" time="0.019">
    <system-out><![CDATA[Hibernate: 
    select
        t1_0.id 
    from
        tutor t1_0 
    where
        t1_0.cpf=? 
    fetch
        first ? rows only
Hibernate: 
    insert 
    into
        tutor
        (cpf, nome, telefone, id) 
    values
        (?, ?, ?, default)
]]></system-out>
  </testcase>
  <testcase name="cadastroDeAnimalVinculaAoTutor" classname="br.edu.pucgoias.ads1253.clinica.service.ClinicaServiceTest" time="0.016">
    <system-out><![CDATA[Hibernate: 
    select
        t1_0.id 
    from
        tutor t1_0 
    where
        t1_0.cpf=? 
    fetch
        first ? rows only
Hibernate: 
    insert 
    into
        tutor
        (cpf, nome, telefone, id) 
    values
        (?, ?, ?, default)
Hibernate: 
    insert 
    into
        animal
        (data_nascimento, especie, nome, tutor_id, id) 
    values
        (?, ?, ?, ?, default)
]]></system-out>
  </testcase>
</testsuite>